<?xml version="1.0" encoding="UTF-8"?>
<!-- Generated by org.testng.reporters.JUnitXMLReporter -->
<testsuite ignored="2" hostname="DESKTOP-QJF0UON" failures="0" tests="1" name="Test" time="34.32" errors="0" timestamp="01 Feb 2023 14:43:01 GMT">
  <testcase classname="com.NeoStox.TestCases.DashboardPageTest" name="ExpandAndCollapse" time="0.452"/>
  <testcase classname="com.Neostox.Base.BasePage" name="@AfterSuite openReport" time="0.0">
    <ignored/>
  </testcase> <!-- @AfterSuite openReport -->
  <testcase classname="com.Neostox.Base.BasePage" name="@AfterSuite openReport" time="0.0">
    <ignored/>
  </testcase> <!-- @AfterSuite openReport -->
</testsuite> <!-- Test -->
